<?xml version="1.0" encoding="UTF-8"?>
<testsuite name="edu.byu.cs203.junit.advanced.SimpleTest" tests="16" skipped="0" failures="0" errors="0" timestamp="2021-02-02T05:30:08" hostname="Drews-Air" time="0.146">
  <properties/>
  <testcase name="[1] 1, 1" classname="edu.byu.cs203.junit.advanced.SimpleTest" time="0.049"/>
  <testcase name="[2] 4, 2" classname="edu.byu.cs203.junit.advanced.SimpleTest" time="0.003"/>
  <testcase name="[1] " classname="edu.byu.cs203.junit.advanced.SimpleTest" time="0.002"/>
  <testcase name="[2] " classname="edu.byu.cs203.junit.advanced.SimpleTest" time="0.002"/>
  <testcase name="[3] " classname="edu.byu.cs203.junit.advanced.SimpleTest" time="0.001"/>
  <testcase name="[4] " classname="edu.byu.cs203.junit.advanced.SimpleTest" time="0.002"/>
  <testcase name="[1] 1, 1" classname="edu.byu.cs203.junit.advanced.SimpleTest" time="0.002"/>
  <testcase name="[2] 4, 2" classname="edu.byu.cs203.junit.advanced.SimpleTest" time="0.002"/>
  <testcase name="[1] " classname="edu.byu.cs203.junit.advanced.SimpleTest" time="0.001"/>
  <testcase name="[2] " classname="edu.byu.cs203.junit.advanced.SimpleTest" time="0.001"/>
  <testcase name="[3] " classname="edu.byu.cs203.junit.advanced.SimpleTest" time="0.002"/>
  <testcase name="[4] " classname="edu.byu.cs203.junit.advanced.SimpleTest" time="0.002"/>
  <testcase name="[1] " classname="edu.byu.cs203.junit.advanced.SimpleTest" time="0.002"/>
  <testcase name="[2] " classname="edu.byu.cs203.junit.advanced.SimpleTest" time="0.009"/>
  <testcase name="[3] " classname="edu.byu.cs203.junit.advanced.SimpleTest" time="0.002"/>
  <testcase name="[4] " classname="edu.byu.cs203.junit.advanced.SimpleTest" time="0.003"/>
  <system-out><![CDATA[]]></system-out>
  <system-err><![CDATA[]]></system-err>
</testsuite>
