<?xml version="1.0" encoding="UTF-8"?>
<testsuite xmlns:xsi="http://www.w3.org/2001/XMLSchema-instance" xsi:noNamespaceSchemaLocation="https://maven.apache.org/surefire/maven-surefire-plugin/xsd/surefire-test-report-3.0.xsd" version="3.0" name="edu.byu.cs.sonar.CustomFileReaderTest" time="0.187" tests="6" errors="0" skipped="0" failures="0">
  <properties>
    <property name="java.specification.version" value="15"/>
    <property name="sun.jnu.encoding" value="UTF-8"/>
    <property name="java.class.path" value="/Users/drew/Library/Mobile Documents/com~apple~CloudDocs/BYU/Sophomore Year/Winter 2021/CS 203 - SE Lab/sonar-tutorial/target/test-classes:/Users/drew/Library/Mobile Documents/com~apple~CloudDocs/BYU/Sophomore Year/Winter 2021/CS 203 - SE Lab/sonar-tutorial/target/classes:/Users/drew/.m2/repository/org/junit/jupiter/junit-jupiter-api/5.6.2/junit-jupiter-api-5.6.2.jar:/Users/drew/.m2/repository/org/apiguardian/apiguardian-api/1.1.0/apiguardian-api-1.1.0.jar:/Users/drew/.m2/repository/org/opentest4j/opentest4j/1.2.0/opentest4j-1.2.0.jar:/Users/drew/.m2/repository/org/junit/platform/junit-platform-commons/1.6.2/junit-platform-commons-1.6.2.jar:"/>
    <property name="java.vm.vendor" value="Oracle Corporation"/>
    <property name="sun.arch.data.model" value="64"/>
    <property name="java.vendor.url" value="https://java.oracle.com/"/>
    <property name="os.name" value="Mac OS X"/>
    <property name="java.vm.specification.version" value="15"/>
    <property name="sun.java.launcher" value="SUN_STANDARD"/>
    <property name="user.country" value="US"/>
    <property name="sun.boot.library.path" value="/Users/drew/Library/Java/JavaVirtualMachines/openjdk-15.0.2/Contents/Home/lib"/>
    <property name="sun.java.command" value="/Users/drew/Library/Mobile Documents/com~apple~CloudDocs/BYU/Sophomore Year/Winter 2021/CS 203 - SE Lab/sonar-tutorial/target/surefire/surefirebooter16788921071863227008.jar /Users/drew/Library/Mobile Documents/com~apple~CloudDocs/BYU/Sophomore Year/Winter 2021/CS 203 - SE Lab/sonar-tutorial/target/surefire 2021-04-08T13-39-02_614-jvmRun1 surefire9405658938509406640tmp surefire_018110610174867257005tmp"/>
    <property name="http.nonProxyHosts" value="local|*.local|169.254/16|*.169.254/16"/>
    <property name="jdk.debug" value="release"/>
    <property name="surefire.test.class.path" value="/Users/drew/Library/Mobile Documents/com~apple~CloudDocs/BYU/Sophomore Year/Winter 2021/CS 203 - SE Lab/sonar-tutorial/target/test-classes:/Users/drew/Library/Mobile Documents/com~apple~CloudDocs/BYU/Sophomore Year/Winter 2021/CS 203 - SE Lab/sonar-tutorial/target/classes:/Users/drew/.m2/repository/org/junit/jupiter/junit-jupiter-api/5.6.2/junit-jupiter-api-5.6.2.jar:/Users/drew/.m2/repository/org/apiguardian/apiguardian-api/1.1.0/apiguardian-api-1.1.0.jar:/Users/drew/.m2/repository/org/opentest4j/opentest4j/1.2.0/opentest4j-1.2.0.jar:/Users/drew/.m2/repository/org/junit/platform/junit-platform-commons/1.6.2/junit-platform-commons-1.6.2.jar:"/>
    <property name="sun.cpu.endian" value="little"/>
    <property name="user.home" value="/Users/drew"/>
    <property name="user.language" value="en"/>
    <property name="java.specification.vendor" value="Oracle Corporation"/>
    <property name="java.version.date" value="2021-01-19"/>
    <property name="java.home" value="/Users/drew/Library/Java/JavaVirtualMachines/openjdk-15.0.2/Contents/Home"/>
    <property name="file.separator" value="/"/>
    <property name="basedir" value="/Users/drew/Library/Mobile Documents/com~apple~CloudDocs/BYU/Sophomore Year/Winter 2021/CS 203 - SE Lab/sonar-tutorial"/>
    <property name="java.vm.compressedOopsMode" value="Zero based"/>
    <property name="line.separator" value="&#10;"/>
    <property name="java.specification.name" value="Java Platform API Specification"/>
    <property name="java.vm.specification.vendor" value="Oracle Corporation"/>
    <property name="surefire.real.class.path" value="/Users/drew/Library/Mobile Documents/com~apple~CloudDocs/BYU/Sophomore Year/Winter 2021/CS 203 - SE Lab/sonar-tutorial/target/surefire/surefirebooter16788921071863227008.jar"/>
    <property name="sun.management.compiler" value="HotSpot 64-Bit Tiered Compilers"/>
    <property name="ftp.nonProxyHosts" value="local|*.local|169.254/16|*.169.254/16"/>
    <property name="java.runtime.version" value="15.0.2+7-27"/>
    <property name="user.name" value="drew"/>
    <property name="path.separator" value=":"/>
    <property name="os.version" value="10.16"/>
    <property name="java.runtime.name" value="OpenJDK Runtime Environment"/>
    <property name="file.encoding" value="UTF-8"/>
    <property name="java.vm.name" value="OpenJDK 64-Bit Server VM"/>
    <property name="localRepository" value="/Users/drew/.m2/repository"/>
    <property name="java.vendor.url.bug" value="https://bugreport.java.com/bugreport/"/>
    <property name="java.io.tmpdir" value="/var/folders/62/8vwyd6_n2_ddty9tywn0l5sc0000gn/T/"/>
    <property name="idea.version" value="2020.3.2"/>
    <property name="java.version" value="15.0.2"/>
    <property name="user.dir" value="/Users/drew/Library/Mobile Documents/com~apple~CloudDocs/BYU/Sophomore Year/Winter 2021/CS 203 - SE Lab/sonar-tutorial"/>
    <property name="os.arch" value="x86_64"/>
    <property name="java.vm.specification.name" value="Java Virtual Machine Specification"/>
    <property name="java.library.path" value="/Users/drew/Library/Java/Extensions:/Library/Java/Extensions:/Network/Library/Java/Extensions:/System/Library/Java/Extensions:/usr/lib/java:."/>
    <property name="java.vm.info" value="mixed mode, sharing"/>
    <property name="java.vendor" value="Oracle Corporation"/>
    <property name="java.vm.version" value="15.0.2+7-27"/>
    <property name="sun.io.unicode.encoding" value="UnicodeBig"/>
    <property name="socksNonProxyHosts" value="local|*.local|169.254/16|*.169.254/16"/>
    <property name="java.class.version" value="59.0"/>
  </properties>
  <testcase name="testReturnThatWord" classname="edu.byu.cs.sonar.CustomFileReaderTest" time="0.103"/>
  <testcase name="testSetNewSentence" classname="edu.byu.cs.sonar.CustomFileReaderTest" time="0.002"/>
  <testcase name="testGetNewSentence" classname="edu.byu.cs.sonar.CustomFileReaderTest" time="0.002"/>
  <testcase name="testEquals" classname="edu.byu.cs.sonar.CustomFileReaderTest" time="0.001"/>
  <testcase name="testHowManyWordsInFile" classname="edu.byu.cs.sonar.CustomFileReaderTest" time="0.004"/>
  <testcase name="testFindNewWord" classname="edu.byu.cs.sonar.CustomFileReaderTest" time="0.016"/>
</testsuite>