<?xml version="1.0" encoding="UTF-8"?>
<testsuite name="PartTwoTest" tests="4" skipped="0" failures="0" errors="0" timestamp="2021-02-15T01:55:19" hostname="Drews-Air" time="0.182">
  <properties/>
  <testcase name="deleteUserAccount()" classname="PartTwoTest" time="0.137"/>
  <testcase name="register()" classname="PartTwoTest" time="0.017"/>
  <testcase name="login()" classname="PartTwoTest" time="0.007"/>
  <testcase name="logAccountUse()" classname="PartTwoTest" time="0.014"/>
  <system-out><![CDATA[]]></system-out>
  <system-err><![CDATA[]]></system-err>
</testsuite>
