<?xml version="1.0" encoding="UTF-8"?>
<testsuite name="PartOneTest" tests="1" skipped="0" failures="0" errors="0" timestamp="2021-02-15T01:55:18" hostname="Drews-Air" time="1.135">
  <properties/>
  <testcase name="loginTest()" classname="PartOneTest" time="1.135"/>
  <system-out><![CDATA[]]></system-out>
  <system-err><![CDATA[]]></system-err>
</testsuite>
