<?xml version="1.0" encoding="UTF-8"?>
<testsuite name="HarderCoverageFunctionsTest" tests="2" skipped="0" failures="0" errors="0" timestamp="2021-02-02T23:07:28" hostname="Drews-Air" time="0.114">
  <properties/>
  <testcase name="castSpellsTest()" classname="HarderCoverageFunctionsTest" time="0.102"/>
  <testcase name="truthFinderTest()" classname="HarderCoverageFunctionsTest" time="0.004"/>
  <system-out><![CDATA[]]></system-out>
  <system-err><![CDATA[]]></system-err>
</testsuite>
