<?xml version="1.0" encoding="UTF-8"?>
<testsuite name="com.example.PersonTest" tests="2" skipped="0" failures="0" errors="0" timestamp="2021-01-30T01:30:01" hostname="Drews-Air" time="0.054">
  <properties/>
  <testcase name="testGetFullName()" classname="com.example.PersonTest" time="0.04"/>
  <testcase name="testGetAge()" classname="com.example.PersonTest" time="0.013"/>
  <system-out><![CDATA[]]></system-out>
  <system-err><![CDATA[]]></system-err>
</testsuite>
